<?xml version="1.0" encoding="UTF-8"?>
<!-- Generated by org.testng.reporters.JUnitReportReporter -->
<testsuite hostname="DESKTOP-5EVK54D" failures="0" tests="1" name="runner.ProfileRunner" time="0.358" errors="0" timestamp="2024-02-23T09:33:21 IST" skipped="0">
  <testcase classname="runner.ProfileRunner" name="runScenario" time="0.358"/>
  <system-out/>
</testsuite> <!-- runner.ProfileRunner -->
