<?xml version="1.0" encoding="UTF-8"?>
<!-- Generated by org.testng.reporters.JUnitReportReporter -->
<testsuite hostname="DESKTOP-5EVK54D" failures="0" tests="3" name="runner.OrdersRunner" time="0.654" errors="0" timestamp="2024-02-20T09:31:50 IST" skipped="0">
  <testcase classname="runner.OrdersRunner" name="runScenario" time="0.147"/>
  <system-out/>
  <testcase classname="runner.OrdersRunner" name="runScenario" time="0.159"/>
  <system-out/>
  <testcase classname="runner.OrdersRunner" name="runScenario" time="0.348"/>
  <system-out/>
</testsuite> <!-- runner.OrdersRunner -->
