<?xml version="1.0" encoding="UTF-8"?>
<!-- Generated by org.testng.reporters.JUnitReportReporter -->
<testsuite hostname="DESKTOP-5EVK54D" failures="0" tests="3" name="runner.ProfileRunner" time="0.655" errors="0" timestamp="2024-02-24T09:16:56 IST" skipped="0">
  <testcase classname="runner.ProfileRunner" name="runScenario" time="0.090"/>
  <system-out/>
  <testcase classname="runner.ProfileRunner" name="runScenario" time="0.477"/>
  <system-out/>
  <testcase classname="runner.ProfileRunner" name="runScenario" time="0.088"/>
  <system-out/>
</testsuite> <!-- runner.ProfileRunner -->
