<?xml version="1.0" encoding="UTF-8"?>
<!-- Generated by org.testng.reporters.JUnitReportReporter -->
<testsuite hostname="DESKTOP-5EVK54D" failures="0" tests="1" name="uifeature.AmazonFailedRunner" time="13.118" errors="0" timestamp="2024-02-29T08:32:57 IST" skipped="0">
  <testcase classname="uifeature.AmazonFailedRunner" name="runScenario" time="13.118"/>
  <system-out/>
</testsuite> <!-- uifeature.AmazonFailedRunner -->
