<?xml version="1.0" encoding="UTF-8"?>
<!-- Generated by org.testng.reporters.JUnitReportReporter -->
<testsuite hostname="DESKTOP-5EVK54D" failures="0" tests="2" name="runner.LoginRunner" time="0.378" errors="0" timestamp="2024-02-23T08:53:56 IST" skipped="0">
  <testcase classname="runner.LoginRunner" name="runScenario" time="0.342"/>
  <system-out/>
  <testcase classname="runner.LoginRunner" name="runScenario" time="0.036"/>
  <system-out/>
</testsuite> <!-- runner.LoginRunner -->
