<?xml version="1.0" encoding="UTF-8"?>
<!-- Generated by org.testng.reporters.JUnitReportReporter -->
<testsuite hostname="DESKTOP-5EVK54D" failures="0" tests="3" name="uifeature.AmazonRunnerTest" time="32.184" errors="0" timestamp="2024-02-27T09:56:52 IST" skipped="0">
  <testcase classname="uifeature.AmazonRunnerTest" name="runScenario" time="7.627"/>
  <system-out/>
  <testcase classname="uifeature.AmazonRunnerTest" name="runScenario" time="6.779"/>
  <system-out/>
  <testcase classname="uifeature.AmazonRunnerTest" name="runScenario" time="17.778"/>
  <system-out/>
</testsuite> <!-- uifeature.AmazonRunnerTest -->
