<?xml version="1.0" encoding="UTF-8"?>
<!-- Generated by org.testng.reporters.JUnitReportReporter -->
<testsuite hostname="DESKTOP-5EVK54D" failures="0" tests="2" name="runner.LoginRunner" time="0.406" errors="0" timestamp="2024-02-20T08:37:35 IST" skipped="0">
  <testcase classname="runner.LoginRunner" name="runScenario" time="0.054"/>
  <system-out/>
  <testcase classname="runner.LoginRunner" name="runScenario" time="0.352"/>
  <system-out/>
</testsuite> <!-- runner.LoginRunner -->
